<?xml version="1.0" encoding="utf-8"?><testsuites name="pytest tests"><testsuite name="pytest" errors="0" failures="0" skipped="0" tests="17" time="10.377" timestamp="2026-04-18T19:15:31.298915+00:00" hostname="agent-env-9486283f-3e33-4754-9a32-cce77ae9e4cb"><testcase classname="backend.tests.test_streamvault_v5.TestCategories" name="test_all_categories_count_40plus" time="0.248" /><testcase classname="backend.tests.test_streamvault_v5.TestCategories" name="test_popular_limit_12" time="0.209" /><testcase classname="backend.tests.test_streamvault_v5.TestCategories" name="test_popular_includes_slots_casino" time="0.436" /><testcase classname="backend.tests.test_streamvault_v5.TestSubscriberEmotes" name="test_20_subscriber_emotes" time="0.120" /><testcase classname="backend.tests.test_streamvault_v5.TestStreamerEmotes" name="test_get_my_emotes" time="0.519" /><testcase classname="backend.tests.test_streamvault_v5.TestStreamerEmotes" name="test_upload_reject_invalid_code" time="0.058" /><testcase classname="backend.tests.test_streamvault_v5.TestStreamerEmotes" name="test_upload_and_list_and_toggle_and_delete" time="0.841" /><testcase classname="backend.tests.test_streamvault_v5.TestStreamerEmotes" name="test_max_20_enforced" time="6.012" /><testcase classname="backend.tests.test_streamvault_v5.TestChatSettings" name="test_default_chat_settings" time="0.054" /><testcase classname="backend.tests.test_streamvault_v5.TestChatSettings" name="test_save_and_persist" time="0.356" /><testcase classname="backend.tests.test_streamvault_v5.TestClips" name="test_create_and_list_clip" time="0.411" /><testcase classname="backend.tests.test_streamvault_v5.TestStripeConnectWebhook" name="test_account_updated_verified" time="0.144" /><testcase classname="backend.tests.test_streamvault_v5.TestStripeConnectWebhook" name="test_account_updated_action_required" time="0.144" /><testcase classname="backend.tests.test_streamvault_v5.TestStripeConnectWebhook" name="test_payout_failed" time="0.161" /><testcase classname="backend.tests.test_streamvault_v5.TestStripeConnectWebhook" name="test_payout_paid" time="0.180" /><testcase classname="backend.tests.test_streamvault_v5.TestStripeConnectWebhook" name="test_other_event_silently_accepted" time="0.132" /><testcase classname="backend.tests.test_streamvault_v5.TestStripeConnectWebhook" name="test_invalid_payload" time="0.141" /></testsuite></testsuites>