<?xml version="1.0" encoding="utf-8"?><testsuites name="pytest tests"><testsuite name="pytest" errors="0" failures="0" skipped="0" tests="20" time="7.224" timestamp="2026-04-19T07:03:58.966469+00:00" hostname="agent-env-9486283f-3e33-4754-9a32-cce77ae9e4cb"><testcase classname="backend.tests.test_streamvault_v6.TestRecommended" name="test_recommended_returns_list" time="0.272" /><testcase classname="backend.tests.test_streamvault_v6.TestRecommended" name="test_recommended_only_live_broadcasting" time="0.164" /><testcase classname="backend.tests.test_streamvault_v6.TestCategories" name="test_category_images_no_pexels_404" time="2.244" /><testcase classname="backend.tests.test_streamvault_v6.TestChatSettings" name="test_get_defaults_shape" time="0.535" /><testcase classname="backend.tests.test_streamvault_v6.TestChatSettings" name="test_put_persists_new_fields" time="0.100" /><testcase classname="backend.tests.test_streamvault_v6.TestChatSettings" name="test_invalid_mode_defaults_to_filter" time="0.088" /><testcase classname="backend.tests.test_streamvault_v6.TestAchievements" name="test_my_achievements_shape" time="0.052" /><testcase classname="backend.tests.test_streamvault_v6.TestAchievements" name="test_public_achievements" time="0.193" /><testcase classname="backend.tests.test_streamvault_v6.TestStreamerPath" name="test_missions_shape" time="0.055" /><testcase classname="backend.tests.test_streamvault_v6.TestFollowing" name="test_following_shape" time="0.053" /><testcase classname="backend.tests.test_streamvault_v6.TestFollowing" name="test_pagination_limit_offset" time="0.059" /><testcase classname="backend.tests.test_streamvault_v6.TestAdminOtherSettings" name="test_non_admin_forbidden" time="0.061" /><testcase classname="backend.tests.test_streamvault_v6.TestAdminOtherSettings" name="test_admin_get_put_roundtrip" time="1.033" /><testcase classname="backend.tests.test_streamvault_v6.TestAdminOtherSettings" name="test_config_features_public" time="0.246" /><testcase classname="backend.tests.test_streamvault_v6.TestAdOptOut" name="test_get_default" time="0.142" /><testcase classname="backend.tests.test_streamvault_v6.TestAdOptOut" name="test_put_toggles" time="0.173" /><testcase classname="backend.tests.test_streamvault_v6.TestAdsActiveOptOut" name="test_optout_returns_null_ad" time="0.856" /><testcase classname="backend.tests.test_streamvault_v6.TestAdminAdSettingsVast" name="test_vast_slot_persists" time="0.276" /><testcase classname="backend.tests.test_streamvault_v6.TestVastResolve" name="test_invalid_url_returns_400" time="0.193" /><testcase classname="backend.tests.test_streamvault_v6.TestVastResolve" name="test_empty_url_returns_400" time="0.232" /></testsuite></testsuites>