<?xml version="1.0" encoding="utf-8"?><testsuites name="pytest tests"><testsuite name="pytest" errors="0" failures="0" skipped="0" tests="21" time="3.004" timestamp="2026-04-19T13:07:45.515465+00:00" hostname="agent-env-9486283f-3e33-4754-9a32-cce77ae9e4cb"><testcase classname="backend.tests.test_streamvault_v7.TestVASTResolveSSRF" name="test_localhost_blocked" time="0.282" /><testcase classname="backend.tests.test_streamvault_v7.TestVASTResolveSSRF" name="test_private_ip_blocked" time="0.056" /><testcase classname="backend.tests.test_streamvault_v7.TestVASTResolveSSRF" name="test_loopback_ip_blocked" time="0.049" /><testcase classname="backend.tests.test_streamvault_v7.TestVASTResolveSSRF" name="test_file_scheme_blocked" time="0.047" /><testcase classname="backend.tests.test_streamvault_v7.TestVASTResolveSSRF" name="test_ftp_scheme_blocked" time="0.047" /><testcase classname="backend.tests.test_streamvault_v7.TestVASTResolveSSRF" name="test_empty_url_blocked" time="0.057" /><testcase classname="backend.tests.test_streamvault_v7.TestVASTResolveSSRF" name="test_10_dot_private_blocked" time="0.048" /><testcase classname="backend.tests.test_streamvault_v7.TestVASTResolveSSRF" name="test_link_local_blocked" time="0.045" /><testcase classname="backend.tests.test_streamvault_v7.TestProfileFeed" name="test_post_requires_auth" time="0.147" /><testcase classname="backend.tests.test_streamvault_v7.TestProfileFeed" name="test_post_empty_content_rejected" time="0.613" /><testcase classname="backend.tests.test_streamvault_v7.TestProfileFeed" name="test_post_then_get_then_delete" time="0.709" /><testcase classname="backend.tests.test_streamvault_v7.TestLeaderboards" name="test_donors_all" time="0.053" /><testcase classname="backend.tests.test_streamvault_v7.TestLeaderboards" name="test_donors_month_week" time="0.100" /><testcase classname="backend.tests.test_streamvault_v7.TestLeaderboards" name="test_donors_streamer_filter" time="0.053" /><testcase classname="backend.tests.test_streamvault_v7.TestLeaderboards" name="test_subscribers_global" time="0.055" /><testcase classname="backend.tests.test_streamvault_v7.TestLeaderboards" name="test_subscribers_per_streamer" time="0.053" /><testcase classname="backend.tests.test_streamvault_v7.TestGamesSearch" name="test_search_valorant" time="0.051" /><testcase classname="backend.tests.test_streamvault_v7.TestGamesSearch" name="test_search_empty_returns_first_n" time="0.057" /><testcase classname="backend.tests.test_streamvault_v7.TestGamesSearch" name="test_search_no_matches" time="0.047" /><testcase classname="backend.tests.test_streamvault_v7.TestNotifications" name="test_notifications_unread_filter" time="0.103" /><testcase classname="backend.tests.test_streamvault_v7.TestAchievementsGradeHelper" name="test_my_achievements_returns_grade_field" time="0.119" /></testsuite></testsuites>