<?xml version="1.0" encoding="utf-8"?><testsuites name="pytest tests"><testsuite name="pytest" errors="0" failures="0" skipped="0" tests="20" time="4.990" timestamp="2026-04-20T09:32:35.658471+00:00" hostname="agent-env-9486283f-3e33-4754-9a32-cce77ae9e4cb"><testcase classname="backend.tests.test_streamvault_v9.TestRegression" name="test_login_admin" time="0.492" /><testcase classname="backend.tests.test_streamvault_v9.TestRegression" name="test_login_demo" time="0.444" /><testcase classname="backend.tests.test_streamvault_v9.TestRegression" name="test_categories" time="0.162" /><testcase classname="backend.tests.test_streamvault_v9.TestRegression" name="test_donations_received_auth" time="0.047" /><testcase classname="backend.tests.test_streamvault_v9.TestRecommended" name="test_recommended_returns_200_and_filters" time="0.123" /><testcase classname="backend.tests.test_streamvault_v9.TestEmailTemplates" name="test_non_admin_403" time="0.045" /><testcase classname="backend.tests.test_streamvault_v9.TestEmailTemplates" name="test_anon_401" time="0.137" /><testcase classname="backend.tests.test_streamvault_v9.TestEmailTemplates" name="test_get_defaults" time="0.049" /><testcase classname="backend.tests.test_streamvault_v9.TestEmailTemplates" name="test_put_persists" time="0.141" /><testcase classname="backend.tests.test_streamvault_v9.TestPasswordReset" name="test_forgot_password_valid_email" time="0.111" /><testcase classname="backend.tests.test_streamvault_v9.TestPasswordReset" name="test_forgot_password_empty_email" time="0.114" /><testcase classname="backend.tests.test_streamvault_v9.TestPasswordReset" name="test_reset_password_invalid_token" time="0.126" /><testcase classname="backend.tests.test_streamvault_v9.TestPasswordReset" name="test_reset_password_short_password" time="0.121" /><testcase classname="backend.tests.test_streamvault_v9.TestResendVerification" name="test_resend_unverified_user" time="0.134" /><testcase classname="backend.tests.test_streamvault_v9.TestResendVerification" name="test_resend_unknown_email_enum_safe" time="0.144" /><testcase classname="backend.tests.test_streamvault_v9.TestChatHeart" name="test_heart_requires_auth" time="0.138" /><testcase classname="backend.tests.test_streamvault_v9.TestChatHeart" name="test_heart_404_on_missing_message" time="0.052" /><testcase classname="backend.tests.test_streamvault_v9.TestChatHeart" name="test_heart_toggle_valid" time="0.113" /><testcase classname="backend.tests.test_streamvault_v9.TestCheckBroadcast" name="test_check_broadcast_shape" time="1.214" /><testcase classname="backend.tests.test_streamvault_v9.TestWsChat" name="test_ws_chat_echo" time="0.734" /></testsuite></testsuites>