<?xml version="1.0" encoding="utf-8"?><testsuites name="pytest tests"><testsuite name="pytest" errors="0" failures="0" skipped="1" tests="18" time="8.621" timestamp="2026-04-19T14:38:17.350811+00:00" hostname="agent-env-9486283f-3e33-4754-9a32-cce77ae9e4cb"><testcase classname="backend.tests.test_streamvault_v8.TestSmtpSettings" name="test_non_admin_forbidden" time="0.656" /><testcase classname="backend.tests.test_streamvault_v8.TestSmtpSettings" name="test_anon_forbidden" time="0.252" /><testcase classname="backend.tests.test_streamvault_v8.TestSmtpSettings" name="test_get_defaults" time="0.611" /><testcase classname="backend.tests.test_streamvault_v8.TestSmtpSettings" name="test_put_persists_and_masks_password" time="0.110" /><testcase classname="backend.tests.test_streamvault_v8.TestSmtpSettings" name="test_put_masked_password_keeps_existing" time="0.058" /><testcase classname="backend.tests.test_streamvault_v8.TestSmtpSettings" name="test_put_empty_password_keeps_existing" time="0.097" /><testcase classname="backend.tests.test_streamvault_v8.TestSmtpSettings" name="test_smtp_test_rejects_invalid_email" time="0.056" /><testcase classname="backend.tests.test_streamvault_v8.TestSmtpSettings" name="test_smtp_test_500_on_fake_host" time="0.056" /><testcase classname="backend.tests.test_streamvault_v8.TestEmailVerification" name="test_register_with_smtp_requires_verification" time="1.855" /><testcase classname="backend.tests.test_streamvault_v8.TestEmailVerification" name="test_verify_email_with_valid_token" time="0.170" /><testcase classname="backend.tests.test_streamvault_v8.TestEmailVerification" name="test_resend_verification_already_verified" time="0.652" /><testcase classname="backend.tests.test_streamvault_v8.TestEmailVerification" name="test_resend_without_smtp_returns_503" time="0.001"><skipped type="pytest.skip" message="Cannot test 503 branch without ability to create unverified user with SMTP disabled">/app/backend/tests/test_streamvault_v8.py:218: Cannot test 503 branch without ability to create unverified user with SMTP disabled</skipped></testcase><testcase classname="backend.tests.test_streamvault_v8.TestEmailVerification" name="test_register_without_smtp_autoverifies" time="0.659" /><testcase classname="backend.tests.test_streamvault_v8.TestEmoteLimit" name="test_upload_21st_ok" time="0.462" /><testcase classname="backend.tests.test_streamvault_v8.TestEmoteLimit" name="test_limit_is_60_not_20" time="0.395" /><testcase classname="backend.tests.test_streamvault_v8.TestTierBadges" name="test_badge_invalid_tier" time="0.058" /><testcase classname="backend.tests.test_streamvault_v8.TestTierBadges" name="test_badge_upload_and_persist_through_tiers_save" time="0.683" /><testcase classname="backend.tests.test_streamvault_v8.TestCheckBroadcast" name="test_check_broadcast_response_shape" time="1.553" /></testsuite></testsuites>