<?xml version="1.0" encoding="utf-8"?><testsuites name="pytest tests"><testsuite name="pytest" errors="0" failures="0" skipped="0" tests="21" time="9.924" timestamp="2026-04-16T17:46:14.640480+00:00" hostname="agent-env-9486283f-3e33-4754-9a32-cce77ae9e4cb"><testcase classname="backend.tests.test_streamvault_v3.TestLiveKitURL" name="test_viewer_token_returns_correct_url" time="0.480" /><testcase classname="backend.tests.test_streamvault_v3.TestLiveKitURL" name="test_streamer_token_returns_correct_url" time="0.957" /><testcase classname="backend.tests.test_streamvault_v3.TestAdminPanel" name="test_admin_storage_config_requires_admin" time="0.110" /><testcase classname="backend.tests.test_streamvault_v3.TestAdminPanel" name="test_admin_can_get_storage_config" time="0.881" /><testcase classname="backend.tests.test_streamvault_v3.TestAdminPanel" name="test_admin_can_save_storage_config" time="0.216" /><testcase classname="backend.tests.test_streamvault_v3.TestAdminPanel" name="test_admin_can_delete_storage_config" time="0.200" /><testcase classname="backend.tests.test_streamvault_v3.TestModeration" name="test_get_mods_list" time="0.228" /><testcase classname="backend.tests.test_streamvault_v3.TestModeration" name="test_get_mod_status" time="0.171" /><testcase classname="backend.tests.test_streamvault_v3.TestModeration" name="test_admin_can_ban_user" time="1.232" /><testcase classname="backend.tests.test_streamvault_v3.TestModeration" name="test_admin_can_get_bans_list" time="0.130" /><testcase classname="backend.tests.test_streamvault_v3.TestModeration" name="test_admin_can_unban_user" time="0.283" /><testcase classname="backend.tests.test_streamvault_v3.TestModeration" name="test_admin_can_timeout_user" time="0.284" /><testcase classname="backend.tests.test_streamvault_v3.TestModeration" name="test_admin_can_set_slow_mode" time="0.482" /><testcase classname="backend.tests.test_streamvault_v3.TestModeration" name="test_slow_mode_invalid_duration" time="0.157" /><testcase classname="backend.tests.test_streamvault_v3.TestModeration" name="test_non_mod_cannot_ban" time="0.284" /><testcase classname="backend.tests.test_streamvault_v3.TestModAssignment" name="test_streamer_can_assign_mod" time="0.450" /><testcase classname="backend.tests.test_streamvault_v3.TestModAssignment" name="test_streamer_can_remove_mod" time="0.429" /><testcase classname="backend.tests.test_streamvault_v3.TestRecording" name="test_start_recording_requires_s3_config" time="0.430" /><testcase classname="backend.tests.test_streamvault_v3.TestRecording" name="test_stop_recording_requires_active_recording" time="0.309" /><testcase classname="backend.tests.test_streamvault_v3.TestAuthentication" name="test_admin_login" time="0.952" /><testcase classname="backend.tests.test_streamvault_v3.TestAuthentication" name="test_demo_user_login" time="0.833" /></testsuite></testsuites>