<?xml version="1.0" encoding="utf-8"?><testsuites name="pytest tests"><testsuite name="pytest" errors="0" failures="0" skipped="0" tests="24" time="5.625" timestamp="2026-04-16T17:16:12.004530+00:00" hostname="agent-env-9486283f-3e33-4754-9a32-cce77ae9e4cb"><testcase classname="backend.tests.test_streamvault_v2.TestAuthentication" name="test_demo_user_login" time="0.909" /><testcase classname="backend.tests.test_streamvault_v2.TestAuthentication" name="test_admin_login" time="0.798" /><testcase classname="backend.tests.test_streamvault_v2.TestAuthentication" name="test_get_current_user" time="0.675" /><testcase classname="backend.tests.test_streamvault_v2.TestLiveKitTokens" name="test_viewer_token_generation" time="0.084" /><testcase classname="backend.tests.test_streamvault_v2.TestLiveKitTokens" name="test_streamer_token_generation" time="0.080" /><testcase classname="backend.tests.test_streamvault_v2.TestLiveKitTokens" name="test_viewer_token_missing_room" time="0.092" /><testcase classname="backend.tests.test_streamvault_v2.TestSubscriptionTiers" name="test_get_subscription_tiers" time="0.082" /><testcase classname="backend.tests.test_streamvault_v2.TestSubscriptionTiers" name="test_subscription_tier_details" time="0.095" /><testcase classname="backend.tests.test_streamvault_v2.TestNotifications" name="test_get_notifications" time="0.112" /><testcase classname="backend.tests.test_streamvault_v2.TestNotifications" name="test_get_unread_count" time="0.101" /><testcase classname="backend.tests.test_streamvault_v2.TestNotifications" name="test_mark_all_read" time="0.182" /><testcase classname="backend.tests.test_streamvault_v2.TestVODs" name="test_get_vods" time="0.096" /><testcase classname="backend.tests.test_streamvault_v2.TestVODs" name="test_get_user_vods" time="0.106" /><testcase classname="backend.tests.test_streamvault_v2.TestStreams" name="test_get_live_streams" time="0.089" /><testcase classname="backend.tests.test_streamvault_v2.TestStreams" name="test_get_stream_by_id" time="0.184" /><testcase classname="backend.tests.test_streamvault_v2.TestStreams" name="test_get_stream_chat" time="0.204" /><testcase classname="backend.tests.test_streamvault_v2.TestFollowSystem" name="test_follow_user" time="0.231" /><testcase classname="backend.tests.test_streamvault_v2.TestCategories" name="test_get_categories" time="0.090" /><testcase classname="backend.tests.test_streamvault_v2.TestSearch" name="test_search_streams" time="0.112" /><testcase classname="backend.tests.test_streamvault_v2.TestFeaturedContent" name="test_get_featured" time="0.089" /><testcase classname="backend.tests.test_streamvault_v2.TestMyStream" name="test_get_my_stream" time="0.083" /><testcase classname="backend.tests.test_streamvault_v2.TestSubscriptionStatus" name="test_get_my_subscriptions" time="0.110" /><testcase classname="backend.tests.test_streamvault_v2.TestSubscriptionStatus" name="test_get_my_subscribers" time="0.079" /><testcase classname="backend.tests.test_streamvault_v2.TestSubscriptionStatus" name="test_check_subscription_status" time="0.204" /></testsuite></testsuites>