<?xml version="1.0" encoding="utf-8"?><testsuites name="pytest tests"><testsuite name="pytest" errors="0" failures="0" skipped="0" tests="25" time="4.172" timestamp="2026-04-20T10:06:08.552208+00:00" hostname="agent-env-9486283f-3e33-4754-9a32-cce77ae9e4cb"><testcase classname="backend.tests.test_streamvault_v10.TestRegression" name="test_admin_me" time="0.496" /><testcase classname="backend.tests.test_streamvault_v10.TestRegression" name="test_demo_me" time="0.448" /><testcase classname="backend.tests.test_streamvault_v10.TestRegression" name="test_recommended" time="0.114" /><testcase classname="backend.tests.test_streamvault_v10.TestRegression" name="test_categories" time="0.184" /><testcase classname="backend.tests.test_streamvault_v10.TestRegression" name="test_donations_received_auth" time="0.053" /><testcase classname="backend.tests.test_streamvault_v10.TestStreamSort" name="test_sort_viewers" time="0.118" /><testcase classname="backend.tests.test_streamvault_v10.TestStreamSort" name="test_sort_newest" time="0.117" /><testcase classname="backend.tests.test_streamvault_v10.TestStreamSort" name="test_sort_oldest" time="0.116" /><testcase classname="backend.tests.test_streamvault_v10.TestStreamSort" name="test_sort_invalid_defaults_to_viewers" time="0.109" /><testcase classname="backend.tests.test_streamvault_v10.TestRaidErrorBranches" name="test_raid_unauth" time="0.118" /><testcase classname="backend.tests.test_streamvault_v10.TestRaidErrorBranches" name="test_raid_nonexistent_stream" time="0.053" /><testcase classname="backend.tests.test_streamvault_v10.TestRaidErrorBranches" name="test_raid_wrong_streamer" time="0.107" /><testcase classname="backend.tests.test_streamvault_v10.TestRaidErrorBranches" name="test_raid_not_live" time="0.102" /><testcase classname="backend.tests.test_streamvault_v10.TestRaidErrorBranches" name="test_recent_raids_requires_auth" time="0.124" /><testcase classname="backend.tests.test_streamvault_v10.TestRaidErrorBranches" name="test_recent_raids_returns_list" time="0.049" /><testcase classname="backend.tests.test_streamvault_v10.TestResendVerificationRateLimit" name="test_second_call_within_60s_is_429_not_503" time="0.266" /><testcase classname="backend.tests.test_streamvault_v10.TestForgotPasswordRateLimit" name="test_second_call_within_60s_is_enumeration_safe_200" time="0.253" /><testcase classname="backend.tests.test_streamvault_v10.TestResetPasswordIPRateLimit" name="test_sixth_attempt_returns_429" time="0.381" /><testcase classname="backend.tests.test_streamvault_v10.TestAdminEmailTemplates" name="test_get_returns_4_keys_including_achievement" time="0.052" /><testcase classname="backend.tests.test_streamvault_v10.TestAdminEmailTemplates" name="test_put_persists_achievement" time="0.188" /><testcase classname="backend.tests.test_streamvault_v10.TestAdminPayoutSettings" name="test_get_defaults_include_auto_sweep_keys" time="0.053" /><testcase classname="backend.tests.test_streamvault_v10.TestAdminPayoutSettings" name="test_put_persists_auto_sweep" time="0.105" /><testcase classname="backend.tests.test_streamvault_v10.TestAdminPayoutSettings" name="test_put_invalid_frequency_defaults_to_weekly" time="0.094" /><testcase classname="backend.tests.test_streamvault_v10.TestAdminPayoutSettings" name="test_sweep_run_returns_reason_when_automated_disabled" time="0.050" /><testcase classname="backend.tests.test_streamvault_v10.TestAdminPayoutSettings" name="test_sweep_run_requires_admin" time="0.064" /></testsuite></testsuites>