<?xml version="1.0" encoding="utf-8"?><testsuites name="pytest tests"><testsuite name="pytest" errors="0" failures="0" skipped="3" tests="25" time="3.666" timestamp="2026-04-18T15:08:16.530542+00:00" hostname="agent-env-9486283f-3e33-4754-9a32-cce77ae9e4cb"><testcase classname="backend.tests.test_streamvault_v4.TestPayoutSettings" name="test_get_default_non_admin_forbidden" time="0.736" /><testcase classname="backend.tests.test_streamvault_v4.TestPayoutSettings" name="test_put_non_admin_forbidden" time="0.052" /><testcase classname="backend.tests.test_streamvault_v4.TestPayoutSettings" name="test_get_default_admin" time="0.596" /><testcase classname="backend.tests.test_streamvault_v4.TestPayoutSettings" name="test_put_toggle_and_persist" time="0.213" /><testcase classname="backend.tests.test_streamvault_v4.TestAdSettings" name="test_get_defaults_admin" time="0.105" /><testcase classname="backend.tests.test_streamvault_v4.TestAdSettings" name="test_get_forbidden_for_non_admin" time="0.047" /><testcase classname="backend.tests.test_streamvault_v4.TestAdSettings" name="test_put_persists" time="0.100" /><testcase classname="backend.tests.test_streamvault_v4.TestAdsFlow" name="test_active_ad_returns_slot_when_enabled" time="0.212" /><testcase classname="backend.tests.test_streamvault_v4.TestAdsFlow" name="test_active_ad_disabled_state" time="0.106" /><testcase classname="backend.tests.test_streamvault_v4.TestAdsFlow" name="test_impression_credits_and_dedupes" time="0.219"><skipped type="pytest.skip" message="No stream for streamer in seed">/app/backend/tests/test_streamvault_v4.py:170: No stream for streamer in seed</skipped></testcase><testcase classname="backend.tests.test_streamvault_v4.TestAdsFlow" name="test_impression_missing_fields_400" time="0.111" /><testcase classname="backend.tests.test_streamvault_v4.TestEarnings" name="test_my_ad_earnings" time="0.052" /><testcase classname="backend.tests.test_streamvault_v4.TestEarnings" name="test_admin_ad_earnings" time="0.055" /><testcase classname="backend.tests.test_streamvault_v4.TestEarnings" name="test_admin_ad_earnings_forbidden" time="0.047" /><testcase classname="backend.tests.test_streamvault_v4.TestEarnings" name="test_my_revenue_has_total_ads" time="0.053" /><testcase classname="backend.tests.test_streamvault_v4.TestEarnings" name="test_revenue_analytics_default_daily" time="0.056" /><testcase classname="backend.tests.test_streamvault_v4.TestEarnings" name="test_revenue_analytics_weekly" time="0.050" /><testcase classname="backend.tests.test_streamvault_v4.TestEarnings" name="test_revenue_analytics_monthly" time="0.054" /><testcase classname="backend.tests.test_streamvault_v4.TestStripeConnect" name="test_status_not_started" time="0.102" /><testcase classname="backend.tests.test_streamvault_v4.TestStripeConnect" name="test_create_missing_required_400" time="0.049" /><testcase classname="backend.tests.test_streamvault_v4.TestStripeConnect" name="test_create_tos_not_accepted_400" time="0.048" /><testcase classname="backend.tests.test_streamvault_v4.TestStripeConnect" name="test_delete_idempotent" time="0.104" /><testcase classname="backend.tests.test_streamvault_v4.TestStripeConnect" name="test_status_requires_auth" time="0.170" /><testcase classname="backend.tests.test_streamvault_v4.TestApproveWithdrawal" name="test_approve_automated_without_connect_returns_400" time="0.046"><skipped type="pytest.skip" message="cannot create withdrawal: 405 {&quot;detail&quot;:&quot;Method Not Allowed&quot;}">/app/backend/tests/test_streamvault_v4.py:319: cannot create withdrawal: 405 {"detail":"Method Not Allowed"}</skipped></testcase><testcase classname="backend.tests.test_streamvault_v4.TestApproveWithdrawal" name="test_approve_manual_ok" time="0.002"><skipped type="pytest.skip" message="cannot create withdrawal: 405 {&quot;detail&quot;:&quot;Method Not Allowed&quot;}">/app/backend/tests/test_streamvault_v4.py:330: cannot create withdrawal: 405 {"detail":"Method Not Allowed"}</skipped></testcase></testsuite></testsuites>