<?xml version="1.0" encoding="utf-8"?><testsuites name="pytest tests"><testsuite name="pytest" errors="0" failures="0" skipped="0" tests="13" time="2.122" timestamp="2026-04-27T07:19:26.185577+00:00" hostname="agent-env-9486283f-3e33-4754-9a32-cce77ae9e4cb"><testcase classname="backend.tests.test_admin_updates.TestUpdatesCheck" name="test_check_admin_returns_supported" time="0.678" /><testcase classname="backend.tests.test_admin_updates.TestUpdatesCheck" name="test_check_non_admin_forbidden" time="0.559" /><testcase classname="backend.tests.test_admin_updates.TestUpdatesCheck" name="test_check_unauth_forbidden" time="0.194" /><testcase classname="backend.tests.test_admin_updates.TestUpdatesStatus" name="test_status_admin" time="0.054" /><testcase classname="backend.tests.test_admin_updates.TestUpdatesStatus" name="test_status_non_admin_forbidden" time="0.052" /><testcase classname="backend.tests.test_admin_updates.TestUpdatesHistory" name="test_history_admin" time="0.051" /><testcase classname="backend.tests.test_admin_updates.TestUpdatesHistory" name="test_history_non_admin_forbidden" time="0.052" /><testcase classname="backend.tests.test_admin_updates.TestUpdatesRollback" name="test_rollback_empty_sha" time="0.058" /><testcase classname="backend.tests.test_admin_updates.TestUpdatesRollback" name="test_rollback_short_sha" time="0.049" /><testcase classname="backend.tests.test_admin_updates.TestUpdatesRollback" name="test_rollback_valid_sha" time="0.049" /><testcase classname="backend.tests.test_admin_updates.TestUpdatesRollback" name="test_rollback_non_admin_forbidden" time="0.050" /><testcase classname="backend.tests.test_admin_updates.TestUpdatesApply" name="test_apply_admin_queues" time="0.050" /><testcase classname="backend.tests.test_admin_updates.TestUpdatesApply" name="test_apply_non_admin_forbidden" time="0.053" /></testsuite></testsuites>